<?xml version="1.0" encoding="UTF-8"?>
<testng-results ignored="0" total="1" passed="1" failed="0" skipped="0">
  <reporter-output>
  </reporter-output>
  <suite started-at="2021-09-05T11:18:53 IST" name="Default suite" finished-at="2021-09-05T11:18:53 IST" duration-ms="119">
    <groups>
    </groups>
    <test started-at="2021-09-05T11:18:53 IST" name="Default test" finished-at="2021-09-05T11:18:53 IST" duration-ms="119">
      <class name="Test.TestNG">
        <test-method signature="testngexamplee()[pri:0, instance:Test.TestNG@b73433]" started-at="2021-09-05T11:18:53 IST" name="testngexamplee" finished-at="2021-09-05T11:18:53 IST" duration-ms="18" status="PASS">
          <reporter-output>
          </reporter-output>
        </test-method> <!-- testngexamplee -->
      </class> <!-- Test.TestNG -->
    </test> <!-- Default test -->
  </suite> <!-- Default suite -->
</testng-results>
